Arguments: 
  /usr/local/bin/node /usr/local/bin/yarn

PATH: 
  /Library/Frameworks/Python.framework/Versions/3.8/bin:/Users/phantom/Documents/flutterSDK/flutter/bin:/usr/local/bin:/usr/bin:/bin:/usr/sbin:/sbin:/Library/Frameworks/Python.framework/Versions/3.8/bin:/Users/phantom/Documents/flutterSDK/flutter/bin:/Users/phantom/Library/Android/tools:/Users/phantom/Library/Android/platform-tools:/Users/phantom/Library/Android/build-tools/30.0.0:/Users/phantom/Documents/flutterSDK/flutter/.pub-cache/bin:/Users/phantom/Library/Android/tools:/Users/phantom/Library/Android/platform-tools:/Users/phantom/Library/Android/build-tools/30.0.0:/Users/phantom/Documents/flutterSDK/flutter/.pub-cache/bin

Yarn version: 
  1.22.5

Node version: 
  14.17.4

Platform: 
  darwin x64

Trace: 
  Error: connect ECONNREFUSED 61.184.215.169:443
      at TCPConnectWrap.afterConnect [as oncomplete] (net.js:1148:16)

npm manifest: 
  {
    "name": "vite-bilibili",
    "version": "0.0.0",
    "scripts": {
      "dev": "vite",
      "build": "vite build"
    },
    "dependencies": {
     
      "vue": "3.0.5",
      "vue-router": "4.0.10"
    },
    "devDependencies": {
      "@vitejs/plugin-vue": "1.2.2",
      "@vue/compiler-sfc": "3.0.5",
      "vite": "2.2.3"
    }
  }

yarn manifest: 
  No manifest

Lockfile: 
  No lockfile
